<?xml version="1.0" encoding="UTF-8"?>
<!-- Generated by org.testng.reporters.JUnitXMLReporter -->
<testsuite hostname="LAPTOP-KHBTA0RO" ignored="0" name="Test" tests="1" failures="1" timestamp="2022-06-28T13:13:00 IST" time="11.059" errors="0">
  <testcase name="@AfterTest closeBrowser" time="0.0" classname="com.qa.day6.VerifySearchTextBox_TC2">
    <failure type="java.lang.NullPointerException">
      <![CDATA[java.lang.NullPointerException
at com.qa.day6.VerifySearchTextBox_TC2.closeBrowser(VerifySearchTextBox_TC2.java:37)
... Removed 24 stack frames]]>
    </failure>
  </testcase> <!-- @AfterTest closeBrowser -->
  <testcase name="clickOncontactUS" time="0.008" classname="com.qa.day6.VerifySearchTextBox_TC2">
    <failure type="java.lang.NullPointerException">
      <![CDATA[java.lang.NullPointerException
at com.qa.Pages.ContactUSPage.<init>(ContactUSPage.java:13)
at com.qa.day6.VerifySearchTextBox_TC2.clickOncontactUS(VerifySearchTextBox_TC2.java:27)
at java.util.ArrayList.forEach(ArrayList.java:1257)
... Removed 27 stack frames]]>
    </failure>
  </testcase> <!-- clickOncontactUS -->
</testsuite> <!-- Test -->
