<?xml version="1.0" encoding="UTF-8"?>
<testng-results ignored="0" total="1" passed="1" failed="0" skipped="0">
  <reporter-output>
  </reporter-output>
  <suite started-at="2023-04-18T20:42:25Z" name="Suite" finished-at="2023-04-18T20:42:36Z" duration-ms="11109">
    <groups>
    </groups>
    <test started-at="2023-04-18T20:42:25Z" name="Test" finished-at="2023-04-18T20:42:36Z" duration-ms="11109">
      <class name="com.qa.day6.TestScript">
        <test-method signature="test1()[pri:0, instance:com.qa.day6.TestScript@6892b3b6]" started-at="2023-04-18T20:42:25Z" name="test1" finished-at="2023-04-18T20:42:36Z" duration-ms="11077" status="PASS">
          <reporter-output>
          </reporter-output>
        </test-method> <!-- test1 -->
      </class> <!-- com.qa.day6.TestScript -->
    </test> <!-- Test -->
  </suite> <!-- Suite -->
</testng-results>
