<?xml version="1.0" encoding="UTF-8"?>
<testng-results skipped="0" failed="0" ignored="0" total="1" passed="1">
  <reporter-output>
  </reporter-output>
  <suite name="Default suite" duration-ms="9353" started-at="2022-06-29T13:15:38 IST" finished-at="2022-06-29T13:15:47 IST">
    <groups>
    </groups>
    <test name="Default test" duration-ms="9353" started-at="2022-06-29T13:15:38 IST" finished-at="2022-06-29T13:15:47 IST">
      <class name="com.qa.ecom.TestScripts.VerifySigninLink">
        <test-method status="PASS" signature="signInTest()[pri:0, instance:com.qa.ecom.TestScripts.VerifySigninLink@481a15ff]" name="signInTest" duration-ms="9312" started-at="2022-06-29T13:15:38 IST" finished-at="2022-06-29T13:15:47 IST">
          <reporter-output>
          </reporter-output>
        </test-method> <!-- signInTest -->
      </class> <!-- com.qa.ecom.TestScripts.VerifySigninLink -->
    </test> <!-- Default test -->
  </suite> <!-- Default suite -->
</testng-results>
